chain 0 + chain 6 = chain 1
chain 0 + chain 7 = chain 2
chain 0 + chain 8 = chain 3
chain 0 + chain 9 = chain 4
chain 0 + chain 10 = chain 5
chain 0 + chain 28 = chain 21
chain 0 + chain 29 = chain 22
chain 0 + chain 30 = chain 23
chain 0 + chain 31 = chain 24
chain 0 + chain 32 = chain 25
chain 0 + chain 33 = chain 26
chain 0 + chain 34 = chain 27
chain 1 + chain 11 = chain 2
chain 1 + chain 12 = chain 3
chain 1 + chain 13 = chain 4
chain 1 + chain 14 = chain 5
chain 1 + chain 35 = chain 21
chain 1 + chain 36 = chain 22
chain 1 + chain 37 = chain 23
chain 1 + chain 38 = chain 24
chain 1 + chain 39 = chain 25
chain 1 + chain 40 = chain 26
chain 1 + chain 41 = chain 27
chain 2 + chain 15 = chain 3
chain 2 + chain 16 = chain 4
chain 2 + chain 17 = chain 5
chain 2 + chain 42 = chain 21
chain 2 + chain 43 = chain 22
chain 2 + chain 44 = chain 23
chain 2 + chain 45 = chain 24
chain 2 + chain 46 = chain 25
chain 2 + chain 47 = chain 26
chain 2 + chain 48 = chain 27
chain 3 + chain 18 = chain 4
chain 3 + chain 19 = chain 5
chain 3 + chain 49 = chain 21
chain 3 + chain 50 = chain 22
chain 3 + chain 51 = chain 23
chain 3 + chain 52 = chain 24
chain 3 + chain 53 = chain 25
chain 3 + chain 54 = chain 26
chain 3 + chain 55 = chain 27
chain 4 + chain 20 = chain 5
chain 4 + chain 56 = chain 21
chain 4 + chain 57 = chain 22
chain 4 + chain 58 = chain 23
chain 4 + chain 59 = chain 24
chain 4 + chain 60 = chain 25
chain 4 + chain 61 = chain 26
chain 4 + chain 62 = chain 27
chain 5 + chain 63 = chain 21
chain 5 + chain 64 = chain 22
chain 5 + chain 65 = chain 23
chain 5 + chain 66 = chain 24
chain 5 + chain 67 = chain 25
chain 5 + chain 68 = chain 26
chain 5 + chain 69 = chain 27
chain 6 + chain 11 = chain 7
chain 6 + chain 12 = chain 8
chain 6 + chain 13 = chain 9
chain 6 + chain 14 = chain 10
chain 6 + chain 35 = chain 28
chain 6 + chain 36 = chain 29
chain 6 + chain 37 = chain 30
chain 6 + chain 38 = chain 31
chain 6 + chain 39 = chain 32
chain 6 + chain 40 = chain 33
chain 6 + chain 41 = chain 34
chain 7 + chain 15 = chain 8
chain 7 + chain 16 = chain 9
chain 7 + chain 17 = chain 10
chain 7 + chain 42 = chain 28
chain 7 + chain 43 = chain 29
chain 7 + chain 44 = chain 30
chain 7 + chain 45 = chain 31
chain 7 + chain 46 = chain 32
chain 7 + chain 47 = chain 33
chain 7 + chain 48 = chain 34
chain 8 + chain 18 = chain 9
chain 8 + chain 19 = chain 10
chain 8 + chain 49 = chain 28
chain 8 + chain 50 = chain 29
chain 8 + chain 51 = chain 30
chain 8 + chain 52 = chain 31
chain 8 + chain 53 = chain 32
chain 8 + chain 54 = chain 33
chain 8 + chain 55 = chain 34
chain 9 + chain 20 = chain 10
chain 9 + chain 56 = chain 28
chain 9 + chain 57 = chain 29
chain 9 + chain 58 = chain 30
chain 9 + chain 59 = chain 31
chain 9 + chain 60 = chain 32
chain 9 + chain 61 = chain 33
chain 9 + chain 62 = chain 34
chain 10 + chain 63 = chain 28
chain 10 + chain 64 = chain 29
chain 10 + chain 65 = chain 30
chain 10 + chain 66 = chain 31
chain 10 + chain 67 = chain 32
chain 10 + chain 68 = chain 33
chain 10 + chain 69 = chain 34
chain 11 + chain 15 = chain 12
chain 11 + chain 16 = chain 13
chain 11 + chain 17 = chain 14
chain 11 + chain 42 = chain 35
chain 11 + chain 43 = chain 36
chain 11 + chain 44 = chain 37
chain 11 + chain 45 = chain 38
chain 11 + chain 46 = chain 39
chain 11 + chain 47 = chain 40
chain 11 + chain 48 = chain 41
chain 12 + chain 18 = chain 13
chain 12 + chain 19 = chain 14
chain 12 + chain 49 = chain 35
chain 12 + chain 50 = chain 36
chain 12 + chain 51 = chain 37
chain 12 + chain 52 = chain 38
chain 12 + chain 53 = chain 39
chain 12 + chain 54 = chain 40
chain 12 + chain 55 = chain 41
chain 13 + chain 20 = chain 14
chain 13 + chain 56 = chain 35
chain 13 + chain 57 = chain 36
chain 13 + chain 58 = chain 37
chain 13 + chain 59 = chain 38
chain 13 + chain 60 = chain 39
chain 13 + chain 61 = chain 40
chain 13 + chain 62 = chain 41
chain 14 + chain 63 = chain 35
chain 14 + chain 64 = chain 36
chain 14 + chain 65 = chain 37
chain 14 + chain 66 = chain 38
chain 14 + chain 67 = chain 39
chain 14 + chain 68 = chain 40
chain 14 + chain 69 = chain 41
chain 15 + chain 18 = chain 16
chain 15 + chain 19 = chain 17
chain 15 + chain 49 = chain 42
chain 15 + chain 50 = chain 43
chain 15 + chain 51 = chain 44
chain 15 + chain 52 = chain 45
chain 15 + chain 53 = chain 46
chain 15 + chain 54 = chain 47
chain 15 + chain 55 = chain 48
chain 16 + chain 20 = chain 17
chain 16 + chain 56 = chain 42
chain 16 + chain 57 = chain 43
chain 16 + chain 58 = chain 44
chain 16 + chain 59 = chain 45
chain 16 + chain 60 = chain 46
chain 16 + chain 61 = chain 47
chain 16 + chain 62 = chain 48
chain 17 + chain 63 = chain 42
chain 17 + chain 64 = chain 43
chain 17 + chain 65 = chain 44
chain 17 + chain 66 = chain 45
chain 17 + chain 67 = chain 46
chain 17 + chain 68 = chain 47
chain 17 + chain 69 = chain 48
chain 18 + chain 20 = chain 19
chain 18 + chain 56 = chain 49
chain 18 + chain 57 = chain 50
chain 18 + chain 58 = chain 51
chain 18 + chain 59 = chain 52
chain 18 + chain 60 = chain 53
chain 18 + chain 61 = chain 54
chain 18 + chain 62 = chain 55
chain 19 + chain 63 = chain 49
chain 19 + chain 64 = chain 50
chain 19 + chain 65 = chain 51
chain 19 + chain 66 = chain 52
chain 19 + chain 67 = chain 53
chain 19 + chain 68 = chain 54
chain 19 + chain 69 = chain 55
chain 20 + chain 63 = chain 56
chain 20 + chain 64 = chain 57
chain 20 + chain 65 = chain 58
chain 20 + chain 66 = chain 59
chain 20 + chain 67 = chain 60
chain 20 + chain 68 = chain 61
chain 20 + chain 69 = chain 62
chain 21 + chain 70 = chain 22
chain 21 + chain 71 = chain 23
chain 21 + chain 72 = chain 24
chain 21 + chain 73 = chain 25
chain 21 + chain 74 = chain 26
chain 21 + chain 75 = chain 27
chain 22 + chain 76 = chain 23
chain 22 + chain 77 = chain 24
chain 22 + chain 78 = chain 25
chain 22 + chain 79 = chain 26
chain 22 + chain 80 = chain 27
chain 23 + chain 81 = chain 24
chain 23 + chain 82 = chain 25
chain 23 + chain 83 = chain 26
chain 23 + chain 84 = chain 27
chain 24 + chain 85 = chain 25
chain 24 + chain 86 = chain 26
chain 24 + chain 87 = chain 27
chain 25 + chain 88 = chain 26
chain 25 + chain 89 = chain 27
chain 26 + chain 90 = chain 27
chain 28 + chain 70 = chain 29
chain 28 + chain 71 = chain 30
chain 28 + chain 72 = chain 31
chain 28 + chain 73 = chain 32
chain 28 + chain 74 = chain 33
chain 28 + chain 75 = chain 34
chain 29 + chain 76 = chain 30
chain 29 + chain 77 = chain 31
chain 29 + chain 78 = chain 32
chain 29 + chain 79 = chain 33
chain 29 + chain 80 = chain 34
chain 30 + chain 81 = chain 31
chain 30 + chain 82 = chain 32
chain 30 + chain 83 = chain 33
chain 30 + chain 84 = chain 34
chain 31 + chain 85 = chain 32
chain 31 + chain 86 = chain 33
chain 31 + chain 87 = chain 34
chain 32 + chain 88 = chain 33
chain 32 + chain 89 = chain 34
chain 33 + chain 90 = chain 34
chain 35 + chain 70 = chain 36
chain 35 + chain 71 = chain 37
chain 35 + chain 72 = chain 38
chain 35 + chain 73 = chain 39
chain 35 + chain 74 = chain 40
chain 35 + chain 75 = chain 41
chain 36 + chain 76 = chain 37
chain 36 + chain 77 = chain 38
chain 36 + chain 78 = chain 39
chain 36 + chain 79 = chain 40
chain 36 + chain 80 = chain 41
chain 37 + chain 81 = chain 38
chain 37 + chain 82 = chain 39
chain 37 + chain 83 = chain 40
chain 37 + chain 84 = chain 41
chain 38 + chain 85 = chain 39
chain 38 + chain 86 = chain 40
chain 38 + chain 87 = chain 41
chain 39 + chain 88 = chain 40
chain 39 + chain 89 = chain 41
chain 40 + chain 90 = chain 41
chain 42 + chain 70 = chain 43
chain 42 + chain 71 = chain 44
chain 42 + chain 72 = chain 45
chain 42 + chain 73 = chain 46
chain 42 + chain 74 = chain 47
chain 42 + chain 75 = chain 48
chain 43 + chain 76 = chain 44
chain 43 + chain 77 = chain 45
chain 43 + chain 78 = chain 46
chain 43 + chain 79 = chain 47
chain 43 + chain 80 = chain 48
chain 44 + chain 81 = chain 45
chain 44 + chain 82 = chain 46
chain 44 + chain 83 = chain 47
chain 44 + chain 84 = chain 48
chain 45 + chain 85 = chain 46
chain 45 + chain 86 = chain 47
chain 45 + chain 87 = chain 48
chain 46 + chain 88 = chain 47
chain 46 + chain 89 = chain 48
chain 47 + chain 90 = chain 48
chain 49 + chain 70 = chain 50
chain 49 + chain 71 = chain 51
chain 49 + chain 72 = chain 52
chain 49 + chain 73 = chain 53
chain 49 + chain 74 = chain 54
chain 49 + chain 75 = chain 55
chain 50 + chain 76 = chain 51
chain 50 + chain 77 = chain 52
chain 50 + chain 78 = chain 53
chain 50 + chain 79 = chain 54
chain 50 + chain 80 = chain 55
chain 51 + chain 81 = chain 52
chain 51 + chain 82 = chain 53
chain 51 + chain 83 = chain 54
chain 51 + chain 84 = chain 55
chain 52 + chain 85 = chain 53
chain 52 + chain 86 = chain 54
chain 52 + chain 87 = chain 55
chain 53 + chain 88 = chain 54
chain 53 + chain 89 = chain 55
chain 54 + chain 90 = chain 55
chain 56 + chain 70 = chain 57
chain 56 + chain 71 = chain 58
chain 56 + chain 72 = chain 59
chain 56 + chain 73 = chain 60
chain 56 + chain 74 = chain 61
chain 56 + chain 75 = chain 62
chain 57 + chain 76 = chain 58
chain 57 + chain 77 = chain 59
chain 57 + chain 78 = chain 60
chain 57 + chain 79 = chain 61
chain 57 + chain 80 = chain 62
chain 58 + chain 81 = chain 59
chain 58 + chain 82 = chain 60
chain 58 + chain 83 = chain 61
chain 58 + chain 84 = chain 62
chain 59 + chain 85 = chain 60
chain 59 + chain 86 = chain 61
chain 59 + chain 87 = chain 62
chain 60 + chain 88 = chain 61
chain 60 + chain 89 = chain 62
chain 61 + chain 90 = chain 62
chain 63 + chain 70 = chain 64
chain 63 + chain 71 = chain 65
chain 63 + chain 72 = chain 66
chain 63 + chain 73 = chain 67
chain 63 + chain 74 = chain 68
chain 63 + chain 75 = chain 69
chain 64 + chain 76 = chain 65
chain 64 + chain 77 = chain 66
chain 64 + chain 78 = chain 67
chain 64 + chain 79 = chain 68
chain 64 + chain 80 = chain 69
chain 65 + chain 81 = chain 66
chain 65 + chain 82 = chain 67
chain 65 + chain 83 = chain 68
chain 65 + chain 84 = chain 69
chain 66 + chain 85 = chain 67
chain 66 + chain 86 = chain 68
chain 66 + chain 87 = chain 69
chain 67 + chain 88 = chain 68
chain 67 + chain 89 = chain 69
chain 68 + chain 90 = chain 69
chain 70 + chain 76 = chain 71
chain 70 + chain 77 = chain 72
chain 70 + chain 78 = chain 73
chain 70 + chain 79 = chain 74
chain 70 + chain 80 = chain 75
chain 71 + chain 81 = chain 72
chain 71 + chain 82 = chain 73
chain 71 + chain 83 = chain 74
chain 71 + chain 84 = chain 75
chain 72 + chain 85 = chain 73
chain 72 + chain 86 = chain 74
chain 72 + chain 87 = chain 75
chain 73 + chain 88 = chain 74
chain 73 + chain 89 = chain 75
chain 74 + chain 90 = chain 75
chain 76 + chain 81 = chain 77
chain 76 + chain 82 = chain 78
chain 76 + chain 83 = chain 79
chain 76 + chain 84 = chain 80
chain 77 + chain 85 = chain 78
chain 77 + chain 86 = chain 79
chain 77 + chain 87 = chain 80
chain 78 + chain 88 = chain 79
chain 78 + chain 89 = chain 80
chain 79 + chain 90 = chain 80
chain 81 + chain 85 = chain 82
chain 81 + chain 86 = chain 83
chain 81 + chain 87 = chain 84
chain 82 + chain 88 = chain 83
chain 82 + chain 89 = chain 84
chain 83 + chain 90 = chain 84
chain 85 + chain 88 = chain 86
chain 85 + chain 89 = chain 87
chain 86 + chain 90 = chain 87
chain 88 + chain 90 = chain 89
dimension: 7
max non-zeros: 12
min non-zeros: 1
avg non-zeros: 2
we have 91 chains
78 are fixed
13 are free
42 have radius zero
   36 of these are fixed
   6 of these are free
49 have radius non-zero
   42 of these are fixed
   7 of these are free

